#
# There is insufficient memory for the Java Runtime Environment to continue.
# Native memory allocation (malloc) failed to allocate 351696 bytes for Chunk::new
# Possible reasons:
#   The system is out of physical RAM or swap space
#   The process is running with CompressedOops enabled, and the Java Heap may be blocking the growth of the native heap
# Possible solutions:
#   Reduce memory load on the system
#   Increase physical memory or swap space
#   Check if swap backing store is full
#   Decrease Java heap size (-Xmx/-Xms)
#   Decrease number of Java threads
#   Decrease Java thread stack sizes (-Xss)
#   Set larger code cache with -XX:ReservedCodeCacheSize=
#   JVM is running with Unscaled Compressed Oops mode in which the Java heap is
#     placed in the first 4GB address space. The Java Heap base address is the
#     maximum limit for the native heap growth. Please use -XX:HeapBaseMinAddress
#     to set the Java Heap base and to place the Java Heap above 4GB virtual address.
# This output file may be truncated or incomplete.
#
#  Out of Memory Error (t:/workspace/hotspot/src/share/vm/memory/allocation.cpp:372), pid=8400, tid=90276
#
# JRE version: Java(TM) SE Runtime Environment (9.0+11) (build 9.0.4+11)
# Java VM: Java HotSpot(TM) 64-Bit Server VM (9.0.4+11, mixed mode, tiered, compressed oops, g1 gc, windows-amd64)
# No core dump will be written. Minidumps are not enabled by default on client versions of Windows
#

---------------  S U M M A R Y ------------

Command Line: -Dfile.encoding=Cp1252 RobotTest

Host: Intel(R) Core(TM) i5-8250U CPU @ 1.60GHz, 8 cores, 7G,  Windows 10 , 64 bit Build 16299 (10.0.16299.15)
Time: Mon Mar 19 14:06:58 2018 AUS Eastern Daylight Time elapsed time: 7 seconds (0d 0h 0m 7s)

---------------  T H R E A D  ---------------

Current thread (0x00000273e1345000):  JavaThread "C2 CompilerThread2" daemon [_thread_in_native, id=90276, stack(0x000000de05c00000,0x000000de05d00000)]


Current CompileTask:
C2:   7819  763       4       java.lang.invoke.MethodType::makeImpl (66 bytes)

Stack: [0x000000de05c00000,0x000000de05d00000]
Native frames: (J=compiled Java code, j=interpreted, Vv=VM code, C=native code)
V  [jvm.dll+0x587068]
V  [jvm.dll+0x69c25e]
V  [jvm.dll+0x69d17a]
V  [jvm.dll+0x69d7b3]
V  [jvm.dll+0x21d198]
V  [jvm.dll+0xa7aac]
V  [jvm.dll+0xa83ec]
V  [jvm.dll+0x320eac]
V  [jvm.dll+0x2e7aaa]
V  [jvm.dll+0x2e703a]
V  [jvm.dll+0x1e9ae1]
V  [jvm.dll+0x1e8d86]
V  [jvm.dll+0x1691cb]
V  [jvm.dll+0x1f6570]
V  [jvm.dll+0x1f51f6]
V  [jvm.dll+0x66b44f]
V  [jvm.dll+0x586490]
C  [msvcr120.dll+0x24f7f]
C  [msvcr120.dll+0x25126]
C  [KERNEL32.DLL+0x11fe4]
C  [ntdll.dll+0x6efc1]


---------------  P R O C E S S  ---------------

Java Threads: ( => current thread )
  0x00000273e1e42800 JavaThread "AWT-EventQueue-0" [_thread_blocked, id=89944, stack(0x000000de06500000,0x000000de06600000)]
  0x00000273e19c0800 JavaThread "AWT-Windows" daemon [_thread_in_native, id=90184, stack(0x000000de06400000,0x000000de06500000)]
  0x00000273e19bf800 JavaThread "AWT-Shutdown" [_thread_blocked, id=85832, stack(0x000000de06300000,0x000000de06400000)]
  0x00000273e19bf000 JavaThread "Java2D Disposer" daemon [_thread_blocked, id=80076, stack(0x000000de06200000,0x000000de06300000)]
  0x00000273e171e800 JavaThread "Service Thread" daemon [_thread_blocked, id=90944, stack(0x000000de06000000,0x000000de06100000)]
  0x00000273e13c7000 JavaThread "Common-Cleaner" daemon [_thread_blocked, id=90248, stack(0x000000de05f00000,0x000000de06000000)]
  0x00000273e135e800 JavaThread "Sweeper thread" daemon [_thread_blocked, id=30420, stack(0x000000de05e00000,0x000000de05f00000)]
  0x00000273e1346800 JavaThread "C1 CompilerThread3" daemon [_thread_blocked, id=88068, stack(0x000000de05d00000,0x000000de05e00000)]
=>0x00000273e1345000 JavaThread "C2 CompilerThread2" daemon [_thread_in_native, id=90276, stack(0x000000de05c00000,0x000000de05d00000)]
  0x00000273e133e800 JavaThread "C2 CompilerThread1" daemon [_thread_blocked, id=90860, stack(0x000000de05b00000,0x000000de05c00000)]
  0x00000273e133c000 JavaThread "C2 CompilerThread0" daemon [_thread_blocked, id=90932, stack(0x000000de05a00000,0x000000de05b00000)]
  0x00000273e133a000 JavaThread "Attach Listener" daemon [_thread_blocked, id=91096, stack(0x000000de05900000,0x000000de05a00000)]
  0x00000273e1337800 JavaThread "Signal Dispatcher" daemon [_thread_blocked, id=6824, stack(0x000000de05800000,0x000000de05900000)]
  0x00000273e12eb800 JavaThread "Finalizer" daemon [_thread_blocked, id=86416, stack(0x000000de05700000,0x000000de05800000)]
  0x00000273e12e8800 JavaThread "Reference Handler" daemon [_thread_blocked, id=86820, stack(0x000000de05600000,0x000000de05700000)]
  0x00000273bd7cc000 JavaThread "main" [_thread_in_native, id=20020, stack(0x000000de04000000,0x000000de04100000)]

Other Threads:
  0x00000273de0ce800 VMThread "VM Thread" [stack: 0x000000de05500000,0x000000de05600000] [id=13772]
  0x00000273e1725800 WatcherThread [stack: 0x000000de06100000,0x000000de06200000] [id=90660]
  0x00000273bd7e3800 GCTaskThread "GC Thread#0" [stack: 0x000000de04100000,0x000000de04200000] [id=28872]
  0x00000273bd7e6000 GCTaskThread "GC Thread#1" [stack: 0x000000de04200000,0x000000de04300000] [id=28912]
  0x00000273bd7ee000 GCTaskThread "GC Thread#2" [stack: 0x000000de04300000,0x000000de04400000] [id=26812]
  0x00000273bd7ef800 GCTaskThread "GC Thread#3" [stack: 0x000000de04400000,0x000000de04500000] [id=29552]
  0x00000273bd7f9800 GCTaskThread "GC Thread#4" [stack: 0x000000de04500000,0x000000de04600000] [id=28312]
  0x00000273bd7fa000 GCTaskThread "GC Thread#5" [stack: 0x000000de04600000,0x000000de04700000] [id=24828]
  0x00000273bd7f3800 GCTaskThread "GC Thread#6" [stack: 0x000000de04700000,0x000000de04800000] [id=27848]
  0x00000273bd7f4800 GCTaskThread "GC Thread#7" [stack: 0x000000de04800000,0x000000de04900000] [id=29736]
  0x00000273bd857800 ConcurrentGCThread "G1 Main Marker" [stack: 0x000000de05200000,0x000000de05300000] [id=90368]
  0x00000273bd7f6000 ConcurrentGCThread "G1 Marker#0" [stack: 0x000000de05300000,0x000000de05400000] [id=90968]
  0x00000273bd7f5000 ConcurrentGCThread "G1 Marker#1" [stack: 0x000000de05400000,0x000000de05500000] [id=85324]
  0x00000273bd817000 ConcurrentGCThread "G1 Refine#0" [stack: 0x000000de05000000,0x000000de05100000] [id=86000]
  0x00000273bd816000 ConcurrentGCThread "G1 Refine#1" [stack: 0x000000de04f00000,0x000000de05000000] [id=90788]
  0x00000273bd815800 ConcurrentGCThread "G1 Refine#2" [stack: 0x000000de04e00000,0x000000de04f00000] [id=3356]
  0x00000273bd812000 ConcurrentGCThread "G1 Refine#3" [stack: 0x000000de04d00000,0x000000de04e00000] [id=29464]
  0x00000273bd809800 ConcurrentGCThread "G1 Refine#4" [stack: 0x000000de04c00000,0x000000de04d00000] [id=91132]
  0x00000273bd807800 ConcurrentGCThread "G1 Refine#5" [stack: 0x000000de04b00000,0x000000de04c00000] [id=21772]
  0x00000273bd805000 ConcurrentGCThread "G1 Refine#6" [stack: 0x000000de04a00000,0x000000de04b00000] [id=28300]
  0x00000273bd803000 ConcurrentGCThread "G1 Refine#7" [stack: 0x000000de04900000,0x000000de04a00000] [id=30180]
  0x00000273bd836800 ConcurrentGCThread "G1 Young RemSet Sampling" [stack: 0x000000de05100000,0x000000de05200000] [id=75728]

Threads with active compile tasks:
C2 CompilerThread2 763       4       java.lang.invoke.MethodType::makeImpl (66 bytes)

VM state:not at safepoint (normal execution)

VM Mutex/Monitor currently owned by a thread: None

Heap address: 0x0000000082400000, size: 2012 MB, Compressed Oops mode: 32-bit
Narrow klass base: 0x0000000000000000, Narrow klass shift: 3
Compressed class space size: 1073741824 Address: 0x0000000100000000

Heap:
 garbage-first heap   total 129024K, used 3500K [0x0000000082400000, 0x00000000825003f0, 0x0000000100000000)
  region size 1024K, 5 young (5120K), 3 survivors (3072K)
 Metaspace       used 12810K, capacity 13674K, committed 13952K, reserved 1067008K
  class space    used 1350K, capacity 1543K, committed 1664K, reserved 1048576K
Heap Regions: E=young(eden), S=young(survivor), O=old, HS=humongous(starts), HC=humongous(continues), CS=collection set, F=free, A=archive, TS=gc time stamp, AC=allocation context, TAMS=top-at-mark-start (previous, next)
|   0|0x0000000082400000, 0x0000000082400000, 0x0000000082500000|  0%| F|  |TS  0|AC  0|TAMS 0x0000000082400000, 0x0000000082400000|
|   1|0x0000000082500000, 0x0000000082500000, 0x0000000082600000|  0%| F|  |TS  0|AC  0|TAMS 0x0000000082500000, 0x0000000082500000|
|   2|0x0000000082600000, 0x0000000082600000, 0x0000000082700000|  0%| F|  |TS  0|AC  0|TAMS 0x0000000082600000, 0x0000000082600000|
|   3|0x0000000082700000, 0x0000000082700000, 0x0000000082800000|  0%| F|  |TS  0|AC  0|TAMS 0x0000000082700000, 0x0000000082700000|
|   4|0x0000000082800000, 0x0000000082800000, 0x0000000082900000|  0%| F|  |TS  0|AC  0|TAMS 0x0000000082800000, 0x0000000082800000|
|   5|0x0000000082900000, 0x0000000082900000, 0x0000000082a00000|  0%| F|  |TS  0|AC  0|TAMS 0x0000000082900000, 0x0000000082900000|
|   6|0x0000000082a00000, 0x0000000082a00000, 0x0000000082b00000|  0%| F|  |TS  0|AC  0|TAMS 0x0000000082a00000, 0x0000000082a00000|
|   7|0x0000000082b00000, 0x0000000082b00000, 0x0000000082c00000|  0%| F|  |TS  0|AC  0|TAMS 0x0000000082b00000, 0x0000000082b00000|
|   8|0x0000000082c00000, 0x0000000082c00000, 0x0000000082d00000|  0%| F|  |TS  0|AC  0|TAMS 0x0000000082c00000, 0x0000000082c00000|
|   9|0x0000000082d00000, 0x0000000082d00000, 0x0000000082e00000|  0%| F|  |TS  0|AC  0|TAMS 0x0000000082d00000, 0x0000000082d00000|
|  10|0x0000000082e00000, 0x0000000082e00000, 0x0000000082f00000|  0%| F|  |TS  0|AC  0|TAMS 0x0000000082e00000, 0x0000000082e00000|
|  11|0x0000000082f00000, 0x0000000082f00000, 0x0000000083000000|  0%| F|  |TS  0|AC  0|TAMS 0x0000000082f00000, 0x0000000082f00000|
|  12|0x0000000083000000, 0x0000000083000000, 0x0000000083100000|  0%| F|  |TS  0|AC  0|TAMS 0x0000000083000000, 0x0000000083000000|
|  13|0x0000000083100000, 0x0000000083100000, 0x0000000083200000|  0%| F|  |TS  0|AC  0|TAMS 0x0000000083100000, 0x0000000083100000|
|  14|0x0000000083200000, 0x0000000083200000, 0x0000000083300000|  0%| F|  |TS  0|AC  0|TAMS 0x0000000083200000, 0x0000000083200000|
|  15|0x0000000083300000, 0x0000000083300000, 0x0000000083400000|  0%| F|  |TS  0|AC  0|TAMS 0x0000000083300000, 0x0000000083300000|
|  16|0x0000000083400000, 0x0000000083400000, 0x0000000083500000|  0%| F|  |TS  0|AC  0|TAMS 0x0000000083400000, 0x0000000083400000|
|  17|0x0000000083500000, 0x0000000083500000, 0x0000000083600000|  0%| F|  |TS  0|AC  0|TAMS 0x0000000083500000, 0x0000000083500000|
|  18|0x0000000083600000, 0x0000000083600000, 0x0000000083700000|  0%| F|  |TS  0|AC  0|TAMS 0x0000000083600000, 0x0000000083600000|
|  19|0x0000000083700000, 0x0000000083700000, 0x0000000083800000|  0%| F|  |TS  0|AC  0|TAMS 0x0000000083700000, 0x0000000083700000|
|  20|0x0000000083800000, 0x0000000083800000, 0x0000000083900000|  0%| F|  |TS  0|AC  0|TAMS 0x0000000083800000, 0x0000000083800000|
|  21|0x0000000083900000, 0x0000000083900000, 0x0000000083a00000|  0%| F|  |TS  0|AC  0|TAMS 0x0000000083900000, 0x0000000083900000|
|  22|0x0000000083a00000, 0x0000000083a00000, 0x0000000083b00000|  0%| F|  |TS  0|AC  0|TAMS 0x0000000083a00000, 0x0000000083a00000|
|  23|0x0000000083b00000, 0x0000000083b00000, 0x0000000083c00000|  0%| F|  |TS  0|AC  0|TAMS 0x0000000083b00000, 0x0000000083b00000|
|  24|0x0000000083c00000, 0x0000000083c00000, 0x0000000083d00000|  0%| F|  |TS  0|AC  0|TAMS 0x0000000083c00000, 0x0000000083c00000|
|  25|0x0000000083d00000, 0x0000000083d00000, 0x0000000083e00000|  0%| F|  |TS  0|AC  0|TAMS 0x0000000083d00000, 0x0000000083d00000|
|  26|0x0000000083e00000, 0x0000000083e00000, 0x0000000083f00000|  0%| F|  |TS  0|AC  0|TAMS 0x0000000083e00000, 0x0000000083e00000|
|  27|0x0000000083f00000, 0x0000000083f00000, 0x0000000084000000|  0%| F|  |TS  0|AC  0|TAMS 0x0000000083f00000, 0x0000000083f00000|
|  28|0x0000000084000000, 0x0000000084000000, 0x0000000084100000|  0%| F|  |TS  0|AC  0|TAMS 0x0000000084000000, 0x0000000084000000|
|  29|0x0000000084100000, 0x0000000084100000, 0x0000000084200000|  0%| F|  |TS  0|AC  0|TAMS 0x0000000084100000, 0x0000000084100000|
|  30|0x0000000084200000, 0x0000000084200000, 0x0000000084300000|  0%| F|  |TS  0|AC  0|TAMS 0x0000000084200000, 0x0000000084200000|
|  31|0x0000000084300000, 0x0000000084300000, 0x0000000084400000|  0%| F|  |TS  0|AC  0|TAMS 0x0000000084300000, 0x0000000084300000|
|  32|0x0000000084400000, 0x0000000084400000, 0x0000000084500000|  0%| F|  |TS  0|AC  0|TAMS 0x0000000084400000, 0x0000000084400000|
|  33|0x0000000084500000, 0x0000000084500000, 0x0000000084600000|  0%| F|  |TS  0|AC  0|TAMS 0x0000000084500000, 0x0000000084500000|
|  34|0x0000000084600000, 0x0000000084600000, 0x0000000084700000|  0%| F|  |TS  0|AC  0|TAMS 0x0000000084600000, 0x0000000084600000|
|  35|0x0000000084700000, 0x0000000084700000, 0x0000000084800000|  0%| F|  |TS  0|AC  0|TAMS 0x0000000084700000, 0x0000000084700000|
|  36|0x0000000084800000, 0x0000000084800000, 0x0000000084900000|  0%| F|  |TS  0|AC  0|TAMS 0x0000000084800000, 0x0000000084800000|
|  37|0x0000000084900000, 0x0000000084900000, 0x0000000084a00000|  0%| F|  |TS  0|AC  0|TAMS 0x0000000084900000, 0x0000000084900000|
|  38|0x0000000084a00000, 0x0000000084a00000, 0x0000000084b00000|  0%| F|  |TS  0|AC  0|TAMS 0x0000000084a00000, 0x0000000084a00000|
|  39|0x0000000084b00000, 0x0000000084b00000, 0x0000000084c00000|  0%| F|  |TS  0|AC  0|TAMS 0x0000000084b00000, 0x0000000084b00000|
|  40|0x0000000084c00000, 0x0000000084c00000, 0x0000000084d00000|  0%| F|  |TS  0|AC  0|TAMS 0x0000000084c00000, 0x0000000084c00000|
|  41|0x0000000084d00000, 0x0000000084d00000, 0x0000000084e00000|  0%| F|  |TS  0|AC  0|TAMS 0x0000000084d00000, 0x0000000084d00000|
|  42|0x0000000084e00000, 0x0000000084e00000, 0x0000000084f00000|  0%| F|  |TS  0|AC  0|TAMS 0x0000000084e00000, 0x0000000084e00000|
|  43|0x0000000084f00000, 0x0000000084f00000, 0x0000000085000000|  0%| F|  |TS  0|AC  0|TAMS 0x0000000084f00000, 0x0000000084f00000|
|  44|0x0000000085000000, 0x0000000085000000, 0x0000000085100000|  0%| F|  |TS  0|AC  0|TAMS 0x0000000085000000, 0x0000000085000000|
|  45|0x0000000085100000, 0x0000000085100000, 0x0000000085200000|  0%| F|  |TS  0|AC  0|TAMS 0x0000000085100000, 0x0000000085100000|
|  46|0x0000000085200000, 0x0000000085200000, 0x0000000085300000|  0%| F|  |TS  0|AC  0|TAMS 0x0000000085200000, 0x0000000085200000|
|  47|0x0000000085300000, 0x0000000085300000, 0x0000000085400000|  0%| F|  |TS  0|AC  0|TAMS 0x0000000085300000, 0x0000000085300000|
|  48|0x0000000085400000, 0x0000000085400000, 0x0000000085500000|  0%| F|  |TS  0|AC  0|TAMS 0x0000000085400000, 0x0000000085400000|
|  49|0x0000000085500000, 0x0000000085500000, 0x0000000085600000|  0%| F|  |TS  0|AC  0|TAMS 0x0000000085500000, 0x0000000085500000|
|  50|0x0000000085600000, 0x0000000085600000, 0x0000000085700000|  0%| F|  |TS  0|AC  0|TAMS 0x0000000085600000, 0x0000000085600000|
|  51|0x0000000085700000, 0x0000000085700000, 0x0000000085800000|  0%| F|  |TS  0|AC  0|TAMS 0x0000000085700000, 0x0000000085700000|
|  52|0x0000000085800000, 0x0000000085800000, 0x0000000085900000|  0%| F|  |TS  0|AC  0|TAMS 0x0000000085800000, 0x0000000085800000|
|  53|0x0000000085900000, 0x0000000085900000, 0x0000000085a00000|  0%| F|  |TS  0|AC  0|TAMS 0x0000000085900000, 0x0000000085900000|
|  54|0x0000000085a00000, 0x0000000085a00000, 0x0000000085b00000|  0%| F|  |TS  0|AC  0|TAMS 0x0000000085a00000, 0x0000000085a00000|
|  55|0x0000000085b00000, 0x0000000085b00000, 0x0000000085c00000|  0%| F|  |TS  0|AC  0|TAMS 0x0000000085b00000, 0x0000000085b00000|
|  56|0x0000000085c00000, 0x0000000085c00000, 0x0000000085d00000|  0%| F|  |TS  0|AC  0|TAMS 0x0000000085c00000, 0x0000000085c00000|
|  57|0x0000000085d00000, 0x0000000085d00000, 0x0000000085e00000|  0%| F|  |TS  0|AC  0|TAMS 0x0000000085d00000, 0x0000000085d00000|
|  58|0x0000000085e00000, 0x0000000085e00000, 0x0000000085f00000|  0%| F|  |TS  0|AC  0|TAMS 0x0000000085e00000, 0x0000000085e00000|
|  59|0x0000000085f00000, 0x0000000085f00000, 0x0000000086000000|  0%| F|  |TS  0|AC  0|TAMS 0x0000000085f00000, 0x0000000085f00000|
|  60|0x0000000086000000, 0x0000000086000000, 0x0000000086100000|  0%| F|  |TS  0|AC  0|TAMS 0x0000000086000000, 0x0000000086000000|
|  61|0x0000000086100000, 0x0000000086100000, 0x0000000086200000|  0%| F|  |TS  0|AC  0|TAMS 0x0000000086100000, 0x0000000086100000|
|  62|0x0000000086200000, 0x0000000086200000, 0x0000000086300000|  0%| F|  |TS  0|AC  0|TAMS 0x0000000086200000, 0x0000000086200000|
|  63|0x0000000086300000, 0x0000000086300000, 0x0000000086400000|  0%| F|  |TS  0|AC  0|TAMS 0x0000000086300000, 0x0000000086300000|
|  64|0x0000000086400000, 0x0000000086400000, 0x0000000086500000|  0%| F|  |TS  0|AC  0|TAMS 0x0000000086400000, 0x0000000086400000|
|  65|0x0000000086500000, 0x0000000086500000, 0x0000000086600000|  0%| F|  |TS  0|AC  0|TAMS 0x0000000086500000, 0x0000000086500000|
|  66|0x0000000086600000, 0x0000000086600000, 0x0000000086700000|  0%| F|  |TS  0|AC  0|TAMS 0x0000000086600000, 0x0000000086600000|
|  67|0x0000000086700000, 0x0000000086700000, 0x0000000086800000|  0%| F|  |TS  0|AC  0|TAMS 0x0000000086700000, 0x0000000086700000|
|  68|0x0000000086800000, 0x0000000086800000, 0x0000000086900000|  0%| F|  |TS  0|AC  0|TAMS 0x0000000086800000, 0x0000000086800000|
|  69|0x0000000086900000, 0x0000000086900000, 0x0000000086a00000|  0%| F|  |TS  0|AC  0|TAMS 0x0000000086900000, 0x0000000086900000|
|  70|0x0000000086a00000, 0x0000000086a00000, 0x0000000086b00000|  0%| F|  |TS  0|AC  0|TAMS 0x0000000086a00000, 0x0000000086a00000|
|  71|0x0000000086b00000, 0x0000000086b00000, 0x0000000086c00000|  0%| F|  |TS  0|AC  0|TAMS 0x0000000086b00000, 0x0000000086b00000|
|  72|0x0000000086c00000, 0x0000000086c00000, 0x0000000086d00000|  0%| F|  |TS  0|AC  0|TAMS 0x0000000086c00000, 0x0000000086c00000|
|  73|0x0000000086d00000, 0x0000000086d00000, 0x0000000086e00000|  0%| F|  |TS  0|AC  0|TAMS 0x0000000086d00000, 0x0000000086d00000|
|  74|0x0000000086e00000, 0x0000000086e00000, 0x0000000086f00000|  0%| F|  |TS  0|AC  0|TAMS 0x0000000086e00000, 0x0000000086e00000|
|  75|0x0000000086f00000, 0x0000000086f00000, 0x0000000087000000|  0%| F|  |TS  0|AC  0|TAMS 0x0000000086f00000, 0x0000000086f00000|
|  76|0x0000000087000000, 0x0000000087000000, 0x0000000087100000|  0%| F|  |TS  0|AC  0|TAMS 0x0000000087000000, 0x0000000087000000|
|  77|0x0000000087100000, 0x0000000087100000, 0x0000000087200000|  0%| F|  |TS  0|AC  0|TAMS 0x0000000087100000, 0x0000000087100000|
|  78|0x0000000087200000, 0x0000000087200000, 0x0000000087300000|  0%| F|  |TS  0|AC  0|TAMS 0x0000000087200000, 0x0000000087200000|
|  79|0x0000000087300000, 0x0000000087300000, 0x0000000087400000|  0%| F|  |TS  0|AC  0|TAMS 0x0000000087300000, 0x0000000087300000|
|  80|0x0000000087400000, 0x0000000087400000, 0x0000000087500000|  0%| F|  |TS  0|AC  0|TAMS 0x0000000087400000, 0x0000000087400000|
|  81|0x0000000087500000, 0x0000000087500000, 0x0000000087600000|  0%| F|  |TS  0|AC  0|TAMS 0x0000000087500000, 0x0000000087500000|
|  82|0x0000000087600000, 0x0000000087600000, 0x0000000087700000|  0%| F|  |TS  0|AC  0|TAMS 0x0000000087600000, 0x0000000087600000|
|  83|0x0000000087700000, 0x0000000087700000, 0x0000000087800000|  0%| F|  |TS  0|AC  0|TAMS 0x0000000087700000, 0x0000000087700000|
|  84|0x0000000087800000, 0x0000000087800000, 0x0000000087900000|  0%| F|  |TS  0|AC  0|TAMS 0x0000000087800000, 0x0000000087800000|
|  85|0x0000000087900000, 0x0000000087900000, 0x0000000087a00000|  0%| F|  |TS  0|AC  0|TAMS 0x0000000087900000, 0x0000000087900000|
|  86|0x0000000087a00000, 0x0000000087a00000, 0x0000000087b00000|  0%| F|  |TS  0|AC  0|TAMS 0x0000000087a00000, 0x0000000087a00000|
|  87|0x0000000087b00000, 0x0000000087b00000, 0x0000000087c00000|  0%| F|  |TS  0|AC  0|TAMS 0x0000000087b00000, 0x0000000087b00000|
|  88|0x0000000087c00000, 0x0000000087c00000, 0x0000000087d00000|  0%| F|  |TS  0|AC  0|TAMS 0x0000000087c00000, 0x0000000087c00000|
|  89|0x0000000087d00000, 0x0000000087d00000, 0x0000000087e00000|  0%| F|  |TS  0|AC  0|TAMS 0x0000000087d00000, 0x0000000087d00000|
|  90|0x0000000087e00000, 0x0000000087e00000, 0x0000000087f00000|  0%| F|  |TS  0|AC  0|TAMS 0x0000000087e00000, 0x0000000087e00000|
|  91|0x0000000087f00000, 0x0000000087f00000, 0x0000000088000000|  0%| F|  |TS  0|AC  0|TAMS 0x0000000087f00000, 0x0000000087f00000|
|  92|0x0000000088000000, 0x0000000088000000, 0x0000000088100000|  0%| F|  |TS  0|AC  0|TAMS 0x0000000088000000, 0x0000000088000000|
|  93|0x0000000088100000, 0x0000000088100000, 0x0000000088200000|  0%| F|  |TS  0|AC  0|TAMS 0x0000000088100000, 0x0000000088100000|
|  94|0x0000000088200000, 0x0000000088200000, 0x0000000088300000|  0%| F|  |TS  0|AC  0|TAMS 0x0000000088200000, 0x0000000088200000|
|  95|0x0000000088300000, 0x0000000088300000, 0x0000000088400000|  0%| F|  |TS  0|AC  0|TAMS 0x0000000088300000, 0x0000000088300000|
|  96|0x0000000088400000, 0x0000000088400000, 0x0000000088500000|  0%| F|  |TS  0|AC  0|TAMS 0x0000000088400000, 0x0000000088400000|
|  97|0x0000000088500000, 0x0000000088500000, 0x0000000088600000|  0%| F|  |TS  0|AC  0|TAMS 0x0000000088500000, 0x0000000088500000|
|  98|0x0000000088600000, 0x0000000088600000, 0x0000000088700000|  0%| F|  |TS  0|AC  0|TAMS 0x0000000088600000, 0x0000000088600000|
|  99|0x0000000088700000, 0x0000000088700000, 0x0000000088800000|  0%| F|  |TS  0|AC  0|TAMS 0x0000000088700000, 0x0000000088700000|
| 100|0x0000000088800000, 0x0000000088800000, 0x0000000088900000|  0%| F|  |TS  0|AC  0|TAMS 0x0000000088800000, 0x0000000088800000|
| 101|0x0000000088900000, 0x0000000088900000, 0x0000000088a00000|  0%| F|  |TS  0|AC  0|TAMS 0x0000000088900000, 0x0000000088900000|
| 102|0x0000000088a00000, 0x0000000088a00000, 0x0000000088b00000|  0%| F|  |TS  0|AC  0|TAMS 0x0000000088a00000, 0x0000000088a00000|
| 103|0x0000000088b00000, 0x0000000088b00000, 0x0000000088c00000|  0%| F|  |TS  0|AC  0|TAMS 0x0000000088b00000, 0x0000000088b00000|
| 104|0x0000000088c00000, 0x0000000088c00000, 0x0000000088d00000|  0%| F|  |TS  0|AC  0|TAMS 0x0000000088c00000, 0x0000000088c00000|
| 105|0x0000000088d00000, 0x0000000088d00000, 0x0000000088e00000|  0%| F|  |TS  0|AC  0|TAMS 0x0000000088d00000, 0x0000000088d00000|
| 106|0x0000000088e00000, 0x0000000088e00000, 0x0000000088f00000|  0%| F|  |TS  0|AC  0|TAMS 0x0000000088e00000, 0x0000000088e00000|
| 107|0x0000000088f00000, 0x0000000088f00000, 0x0000000089000000|  0%| F|  |TS  0|AC  0|TAMS 0x0000000088f00000, 0x0000000088f00000|
| 108|0x0000000089000000, 0x0000000089000000, 0x0000000089100000|  0%| F|  |TS  0|AC  0|TAMS 0x0000000089000000, 0x0000000089000000|
| 109|0x0000000089100000, 0x0000000089100000, 0x0000000089200000|  0%| F|  |TS  0|AC  0|TAMS 0x0000000089100000, 0x0000000089100000|
| 110|0x0000000089200000, 0x0000000089200000, 0x0000000089300000|  0%| F|  |TS  0|AC  0|TAMS 0x0000000089200000, 0x0000000089200000|
| 111|0x0000000089300000, 0x000000008936b1e0, 0x0000000089400000| 41%| S|CS|TS  0|AC  0|TAMS 0x0000000089300000, 0x0000000089300000|
| 112|0x0000000089400000, 0x0000000089500000, 0x0000000089500000|100%| S|CS|TS  0|AC  0|TAMS 0x0000000089400000, 0x0000000089400000|
| 113|0x0000000089500000, 0x0000000089600000, 0x0000000089600000|100%| S|CS|TS  0|AC  0|TAMS 0x0000000089500000, 0x0000000089500000|
| 114|0x0000000089600000, 0x0000000089600000, 0x0000000089700000|  0%| F|  |TS  0|AC  0|TAMS 0x0000000089600000, 0x0000000089600000|
| 115|0x0000000089700000, 0x0000000089700000, 0x0000000089800000|  0%| F|  |TS  0|AC  0|TAMS 0x0000000089700000, 0x0000000089700000|
| 116|0x0000000089800000, 0x0000000089800000, 0x0000000089900000|  0%| F|  |TS  0|AC  0|TAMS 0x0000000089800000, 0x0000000089800000|
| 117|0x0000000089900000, 0x0000000089900000, 0x0000000089a00000|  0%| F|  |TS  0|AC  0|TAMS 0x0000000089900000, 0x0000000089900000|
| 118|0x0000000089a00000, 0x0000000089a00000, 0x0000000089b00000|  0%| F|  |TS  0|AC  0|TAMS 0x0000000089a00000, 0x0000000089a00000|
| 119|0x0000000089b00000, 0x0000000089b00000, 0x0000000089c00000|  0%| F|  |TS  0|AC  0|TAMS 0x0000000089b00000, 0x0000000089b00000|
| 120|0x0000000089c00000, 0x0000000089c00000, 0x0000000089d00000|  0%| F|  |TS  0|AC  0|TAMS 0x0000000089c00000, 0x0000000089c00000|
| 121|0x0000000089d00000, 0x0000000089d00000, 0x0000000089e00000|  0%| F|  |TS  0|AC  0|TAMS 0x0000000089d00000, 0x0000000089d00000|
| 122|0x0000000089e00000, 0x0000000089e00000, 0x0000000089f00000|  0%| F|  |TS  0|AC  0|TAMS 0x0000000089e00000, 0x0000000089e00000|
| 123|0x0000000089f00000, 0x0000000089f00000, 0x000000008a000000|  0%| F|  |TS  0|AC  0|TAMS 0x0000000089f00000, 0x0000000089f00000|
| 124|0x000000008a000000, 0x000000008a000800, 0x000000008a100000|  0%| E|  |TS  0|AC  0|TAMS 0x000000008a000000, 0x000000008a000000|
| 125|0x000000008a100000, 0x000000008a200000, 0x000000008a200000|100%| E|CS|TS  0|AC  0|TAMS 0x000000008a100000, 0x000000008a100000|

Card table byte_map: [0x00000273d9910000,0x00000273d9d00000] byte_map_base: 0x00000273d94fe000

Marking Bits (Prev, Next): (CMBitMap*) 0x00000273bd8569d8, (CMBitMap*) 0x00000273bd8569a0
 Prev Bits: [0x00000273dc060000, 0x00000273ddfd0000)
 Next Bits: [0x00000273da0f0000, 0x00000273dc060000)

Polling page: 0x00000273bd750000

CodeHeap 'non-profiled nmethods': size=120000Kb used=321Kb max_used=321Kb free=119678Kb
 bounds [0x00000273d11a0000, 0x00000273d1410000, 0x00000273d86d0000]
CodeHeap 'profiled nmethods': size=120000Kb used=1405Kb max_used=1405Kb free=118595Kb
 bounds [0x00000273c9c70000, 0x00000273c9ee0000, 0x00000273d11a0000]
CodeHeap 'non-nmethods': size=5760Kb used=1322Kb max_used=1342Kb free=4437Kb
 bounds [0x00000273c96d0000, 0x00000273c9940000, 0x00000273c9c70000]
 total_blobs=1542 nmethods=852 adapters=445
 compilation: enabled

Compilation events (10 events):
Event: 7.805 Thread 0x00000273e1346800  802       3       java.lang.invoke.LambdaFormBuffer::replaceName (124 bytes)
Event: 7.805 Thread 0x00000273e1346800 nmethod 802 0x00000273c9dbd990 code [0x00000273c9dbdb60, 0x00000273c9dbddf0]
Event: 7.805 Thread 0x00000273e1346800  801       3       java.lang.invoke.LambdaFormEditor::oldSpeciesData (8 bytes)
Event: 7.805 Thread 0x00000273e1346800 nmethod 801 0x00000273c9dbdf10 code [0x00000273c9dbe0e0, 0x00000273c9dbe4f8]
Event: 7.805 Thread 0x00000273e133e800 nmethod 777 0x00000273d11e3510 code [0x00000273d11e36c0, 0x00000273d11e3d48]
Event: 7.805 Thread 0x00000273e133e800  795       4       java.nio.Buffer::hasRemaining (17 bytes)
Event: 7.806 Thread 0x00000273e133e800 nmethod 795 0x00000273d11e4110 code [0x00000273d11e42a0, 0x00000273d11e4318]
Event: 7.806 Thread 0x00000273e1346800  803       3       jdk.internal.org.objectweb.asm.MethodWriter::startFrame (55 bytes)
Event: 7.807 Thread 0x00000273e1346800 nmethod 803 0x00000273c9dbe690 code [0x00000273c9dbe840, 0x00000273c9dbeb98]
Event: 7.807 Thread 0x00000273e1346800  804       3       jdk.internal.org.objectweb.asm.MethodWriter::endFrame (53 bytes)

GC Heap History (0 events):
No events

Deoptimization events (0 events):
No events

Classes redefined (0 events):
No events

Internal exceptions (10 events):
Event: 7.655 Thread 0x00000273bd7cc000 Exception <a 'java/lang/NoSuchMethodError'{0x0000000089c4cae0}: java.lang.invoke.DirectMethodHandle$Holder.invokeStatic(Ljava/lang/Object;Ljava/lang/Object;Ljava/lang/Object;Ljava/lang/Object;Ljava/lang/Object;Ljava/lang/Object;Ljava/lang/Object;Ljava/lan
Event: 7.656 Thread 0x00000273bd7cc000 Exception <a 'java/lang/NoSuchMethodError'{0x0000000089c66de8}: java.lang.invoke.DirectMethodHandle$Holder.invokeStatic(Ljava/lang/Object;Ljava/lang/Object;Ljava/lang/Object;Ljava/lang/Object;Ljava/lang/Object;Ljava/lang/Object;Ljava/lang/Object;Ljava/lan
Event: 7.692 Thread 0x00000273bd7cc000 Exception <a 'java/lang/NoSuchMethodError'{0x0000000089a1ab60}: method resolution failed> (0x0000000089a1ab60) thrown at [t:/workspace/hotspot/src/share/vm/prims/methodHandles.cpp, line 1256]
Event: 7.693 Thread 0x00000273bd7cc000 Exception <a 'java/lang/NoSuchMethodError'{0x0000000089a220d0}: java.lang.invoke.DirectMethodHandle$Holder.invokeStatic(Ljava/lang/Object;ILjava/lang/Object;Ljava/lang/Object;Ljava/lang/Object;)Ljava/lang/Object;> (0x0000000089a220d0) thrown at [t:/worksp
Event: 7.693 Thread 0x00000273bd7cc000 Exception <a 'java/lang/NoSuchMethodError'{0x0000000089a25dc8}: method resolution failed> (0x0000000089a25dc8) thrown at [t:/workspace/hotspot/src/share/vm/prims/methodHandles.cpp, line 1256]
Event: 7.711 Thread 0x00000273bd7cc000 Exception <a 'java/lang/ClassNotFoundException'{0x0000000089ae2e50}: com/sun/swing/internal/plaf/metal/resources/spi/metalProvider> (0x0000000089ae2e50) thrown at [t:/workspace/hotspot/src/share/vm/classfile/systemDictionary.cpp, line 218]
Event: 7.712 Thread 0x00000273bd7cc000 Exception <a 'java/lang/ClassNotFoundException'{0x0000000089ae6d18}: com/sun/swing/internal/plaf/basic/resources/spi/basicProvider> (0x0000000089ae6d18) thrown at [t:/workspace/hotspot/src/share/vm/classfile/systemDictionary.cpp, line 218]
Event: 7.791 Thread 0x00000273bd7cc000 Exception <a 'java/lang/NoSuchMethodError'{0x000000008973e128}: java.lang.invoke.DirectMethodHandle$Holder.invokeStatic(Ljava/lang/Object;Ljava/lang/Object;Ljava/lang/Object;Ljava/lang/Object;Ljava/lang/Object;Ljava/lang/Object;Ljava/lang/Object;Ljava/lan
Event: 7.793 Thread 0x00000273bd7cc000 Exception <a 'java/lang/NoSuchMethodError'{0x000000008975c8c8}: java.lang.invoke.DirectMethodHandle$Holder.invokeStatic(Ljava/lang/Object;Ljava/lang/Object;Ljava/lang/Object;Ljava/lang/Object;Ljava/lang/Object;Ljava/lang/Object;Ljava/lang/Object;Ljava/lan
Event: 7.795 Thread 0x00000273bd7cc000 Exception <a 'java/lang/NoSuchMethodError'{0x00000000897f6e18}: java.lang.invoke.DirectMethodHandle$Holder.invokeStatic(Ljava/lang/Object;Ljava/lang/Object;Ljava/lang/Object;Ljava/lang/Object;Ljava/lang/Object;Ljava/lang/Object;Ljava/lang/Object;Ljava/lan

Events (10 events):
Event: 7.803 loading class sun/swing/SwingUtilities2$KeyPair
Event: 7.803 loading class sun/swing/SwingUtilities2$KeyPair done
Event: 7.803 loading class sun/font/FontDesignMetrics
Event: 7.804 loading class java/awt/FontMetrics
Event: 7.804 loading class java/awt/FontMetrics done
Event: 7.804 loading class sun/font/FontDesignMetrics done
Event: 7.804 loading class sun/font/FontDesignMetrics$MetricsKey
Event: 7.804 loading class sun/font/FontDesignMetrics$MetricsKey done
Event: 7.806 loading class java/lang/invoke/BoundMethodHandle$Species_L8IILL
Event: 7.806 loading class java/lang/invoke/BoundMethodHandle$Species_L8IILL done


Dynamic libraries:
0x00007ff6dc070000 - 0x00007ff6dc0ae000 	C:\Program Files\Java\jdk-9.0.4\bin\javaw.exe
0x00007ffeb1290000 - 0x00007ffeb1470000 	C:\WINDOWS\SYSTEM32\ntdll.dll
0x00007ffe94ae0000 - 0x00007ffe94b14000 	C:\Program Files\AVAST Software\Avast\x64\aswhooka.dll
0x00007ffeaea30000 - 0x00007ffeaeade000 	C:\WINDOWS\System32\KERNEL32.DLL
0x00007ffead7c0000 - 0x00007ffeada26000 	C:\WINDOWS\System32\KERNELBASE.dll
0x00007ffeb0a50000 - 0x00007ffeb0af1000 	C:\WINDOWS\System32\ADVAPI32.dll
0x00007ffeaeee0000 - 0x00007ffeaef7d000 	C:\WINDOWS\System32\msvcrt.dll
0x00007ffeb0560000 - 0x00007ffeb05bb000 	C:\WINDOWS\System32\sechost.dll
0x00007ffeae7f0000 - 0x00007ffeae90f000 	C:\WINDOWS\System32\RPCRT4.dll
0x00007ffeb0b00000 - 0x00007ffeb0c8f000 	C:\WINDOWS\System32\USER32.dll
0x00007ffeae450000 - 0x00007ffeae470000 	C:\WINDOWS\System32\win32u.dll
0x00007ffeae7c0000 - 0x00007ffeae7e8000 	C:\WINDOWS\System32\GDI32.dll
0x00007ffeae470000 - 0x00007ffeae603000 	C:\WINDOWS\System32\gdi32full.dll
0x00007ffeae6c0000 - 0x00007ffeae75b000 	C:\WINDOWS\System32\msvcp_win.dll
0x00007ffeae350000 - 0x00007ffeae446000 	C:\WINDOWS\System32\ucrtbase.dll
0x00007ffe97e00000 - 0x00007ffe98069000 	C:\WINDOWS\WinSxS\amd64_microsoft.windows.common-controls_6595b64144ccf1df_6.0.16299.251_none_15c7cfda9365a4c7\COMCTL32.dll
0x00007ffeb05c0000 - 0x00007ffeb08c8000 	C:\WINDOWS\System32\combase.dll
0x00007ffead6e0000 - 0x00007ffead752000 	C:\WINDOWS\System32\bcryptPrimitives.dll
0x00007ffea32d0000 - 0x00007ffea32da000 	C:\WINDOWS\SYSTEM32\VERSION.dll
0x00007ffeb0dc0000 - 0x00007ffeb0ded000 	C:\WINDOWS\System32\IMM32.DLL
0x00007ffea24f0000 - 0x00007ffea25df000 	C:\Program Files\Java\jdk-9.0.4\bin\msvcr120.dll
0x00007ffe97660000 - 0x00007ffe97706000 	C:\Program Files\Java\jdk-9.0.4\bin\msvcp120.dll
0x0000000059480000 - 0x0000000059ea5000 	C:\Program Files\Java\jdk-9.0.4\bin\server\jvm.dll
0x00007ffeaed00000 - 0x00007ffeaed08000 	C:\WINDOWS\System32\PSAPI.DLL
0x00007ffe9c4c0000 - 0x00007ffe9c4c9000 	C:\WINDOWS\SYSTEM32\WSOCK32.dll
0x00007ffeb08d0000 - 0x00007ffeb093c000 	C:\WINDOWS\System32\WS2_32.dll
0x00007ffea54b0000 - 0x00007ffea54d3000 	C:\WINDOWS\SYSTEM32\WINMM.dll
0x00007ffea53d0000 - 0x00007ffea53fa000 	C:\WINDOWS\SYSTEM32\WINMMBASE.dll
0x00007ffead690000 - 0x00007ffead6da000 	C:\WINDOWS\System32\cfgmgr32.dll
0x00007ffea7860000 - 0x00007ffea786f000 	C:\Program Files\Java\jdk-9.0.4\bin\verify.dll
0x00007ffea6c30000 - 0x00007ffea6c57000 	C:\Program Files\Java\jdk-9.0.4\bin\java.dll
0x00007ffea7840000 - 0x00007ffea7856000 	C:\Program Files\Java\jdk-9.0.4\bin\zip.dll
0x00007ffea6d00000 - 0x00007ffea6d0a000 	C:\Program Files\Java\jdk-9.0.4\bin\jimage.dll
0x00007ffeaf120000 - 0x00007ffeb0556000 	C:\WINDOWS\System32\SHELL32.dll
0x00007ffeb0d00000 - 0x00007ffeb0da6000 	C:\WINDOWS\System32\shcore.dll
0x00007ffeadc00000 - 0x00007ffeae347000 	C:\WINDOWS\System32\windows.storage.dll
0x00007ffeaed10000 - 0x00007ffeaed61000 	C:\WINDOWS\System32\shlwapi.dll
0x00007ffead670000 - 0x00007ffead681000 	C:\WINDOWS\System32\kernel.appcore.dll
0x00007ffead620000 - 0x00007ffead66c000 	C:\WINDOWS\System32\powrprof.dll
0x00007ffead600000 - 0x00007ffead61b000 	C:\WINDOWS\System32\profapi.dll
0x00007ffea6c10000 - 0x00007ffea6c2a000 	C:\Program Files\Java\jdk-9.0.4\bin\net.dll
0x00007ffea8880000 - 0x00007ffea895e000 	C:\WINDOWS\SYSTEM32\WINHTTP.dll
0x00007ffeace70000 - 0x00007ffeaced6000 	C:\WINDOWS\system32\mswsock.dll
0x00007ffea6bb0000 - 0x00007ffea6bc1000 	C:\Program Files\Java\jdk-9.0.4\bin\nio.dll
0x00007ffe94e10000 - 0x00007ffe94fa9000 	C:\Program Files\Java\jdk-9.0.4\bin\awt.dll
0x00007ffeaec30000 - 0x00007ffeaecf5000 	C:\WINDOWS\System32\OLEAUT32.dll
0x00007ffeaa300000 - 0x00007ffeaa8b8000 	C:\WINDOWS\SYSTEM32\d2d1.dll
0x00007ffeada30000 - 0x00007ffeadbfe000 	C:\WINDOWS\System32\CRYPT32.dll
0x00007ffead5e0000 - 0x00007ffead5f2000 	C:\WINDOWS\System32\MSASN1.dll
0x00007ffeab0a0000 - 0x00007ffeab128000 	C:\WINDOWS\SYSTEM32\apphelp.dll
0x00007ffeabb00000 - 0x00007ffeabb2a000 	C:\WINDOWS\system32\DWMAPI.DLL
0x00007ffeab1d0000 - 0x00007ffeab265000 	C:\WINDOWS\system32\uxtheme.dll
0x00007ffe89ff0000 - 0x00007ffe8a10e000 	C:\WINDOWS\system32\opengl32.dll
0x00007ffe89f80000 - 0x00007ffe89fac000 	C:\WINDOWS\SYSTEM32\GLU32.dll
0x00007ffeaed70000 - 0x00007ffeaeed7000 	C:\WINDOWS\System32\MSCTF.dll
0x00007ffeaeae0000 - 0x00007ffeaec29000 	C:\WINDOWS\System32\ole32.dll
0x00007ffe90cb0000 - 0x00007ffe90d4d000 	C:\Program Files\Java\jdk-9.0.4\bin\fontmanager.dll
0x00007ffeac0d0000 - 0x00007ffeac298000 	C:\WINDOWS\SYSTEM32\dbghelp.dll
0x00007ffea24a0000 - 0x00007ffea24e2000 	C:\Program Files\Java\jdk-9.0.4\bin\t2k.dll

VM Arguments:
jvm_args: -Dfile.encoding=Cp1252 
java_command: RobotTest
java_class_path (initial): C:\Users\HP\eclipse-workspace\Robot_Startup_2018_S1\bin;C:\Users\HP\eclipse-workspace\Robot_Startup_2018_S1\lib\system.jar
Launcher Type: SUN_STANDARD

Logging:
Log output configuration:
#0: stdout all=warning uptime,level,tags
#1: stderr all=off uptime,level,tags

Environment Variables:
PATH=C:/Program Files/Java/jdk-9.0.4/bin/server;C:/Program Files/Java/jdk-9.0.4/bin;C:\ProgramData\Oracle\Java\javapath;C:\Program Files (x86)\Intel\iCLS Client\;C:\Program Files\Intel\iCLS Client\;C:\WINDOWS\system32;C:\WINDOWS;C:\WINDOWS\System32\Wbem;C:\WINDOWS\System32\WindowsPowerShell\v1.0\;C:\Program Files (x86)\Intel\Intel(R) Management Engine Components\DAL;C:\Program Files\Intel\Intel(R) Management Engine Components\DAL;C:\Program Files (x86)\Intel\Intel(R) Management Engine Components\IPT;C:\Program Files\Intel\Intel(R) Management Engine Components\IPT;C:\Program Files\Intel\WiFi\bin\;C:\Program Files\Common Files\Intel\WirelessCommon\;C:\Users\HP\AppData\Local\Microsoft\WindowsApps;C:\Users\HP\Desktop;
USERNAME=HP
OS=Windows_NT
PROCESSOR_IDENTIFIER=Intel64 Family 6 Model 142 Stepping 10, GenuineIntel



---------------  S Y S T E M  ---------------

OS: Windows 10 , 64 bit Build 16299 (10.0.16299.15)

CPU:total 8 (initial active 8) (4 cores per cpu, 2 threads per core) family 6 model 142 stepping 10, cmov, cx8, fxsr, mmx, sse, sse2, sse3, ssse3, sse4.1, sse4.2, popcnt, avx, avx2, aes, clmul, erms, 3dnowpref, lzcnt, ht, tsc, tscinvbit, bmi1, bmi2, adx, fma

Memory: 4k page, physical 8235684k(1231588k free), swap 33401508k(4284k free)

vm_info: Java HotSpot(TM) 64-Bit Server VM (9.0.4+11) for windows-amd64 JRE (9.0.4+11), built on Dec 20 2017 02:18:54 by "mach5one" with MS VC++ 12.0 (VS2013)

END.
